e:\桌面\程序实习\mfc7\mfc7\mfc7\debug\mfc7.pch
e:\桌面\程序实习\mfc7\mfc7\mfc7\debug\vc141.pdb
e:\桌面\程序实习\mfc7\mfc7\mfc7\debug\vc141.idb
e:\桌面\程序实习\mfc7\mfc7\mfc7\debug\stdafx.obj
e:\桌面\程序实习\mfc7\mfc7\mfc7\debug\mfc7.obj
e:\桌面\程序实习\mfc7\mfc7\mfc7\debug\mfc7dlg.obj
e:\桌面\程序实习\mfc7\mfc7\debug\mfc7.ilk
e:\桌面\程序实习\mfc7\mfc7\debug\mfc7.exe
e:\桌面\程序实习\mfc7\mfc7\debug\mfc7.pdb
e:\桌面\程序实习\mfc7\mfc7\mfc7\debug\mfc7.res
e:\桌面\程序实习\mfc7\mfc7\mfc7\debug\mfc7dlg.obj.enc
e:\桌面\程序实习\mfc7\mfc7\mfc7\debug\mfc7.tlog\cl.command.1.tlog
e:\桌面\程序实习\mfc7\mfc7\mfc7\debug\mfc7.tlog\cl.read.1.tlog
e:\桌面\程序实习\mfc7\mfc7\mfc7\debug\mfc7.tlog\cl.write.1.tlog
e:\桌面\程序实习\mfc7\mfc7\mfc7\debug\mfc7.tlog\link.command.1.tlog
e:\桌面\程序实习\mfc7\mfc7\mfc7\debug\mfc7.tlog\link.read.1.tlog
e:\桌面\程序实习\mfc7\mfc7\mfc7\debug\mfc7.tlog\link.write.1.tlog
e:\桌面\程序实习\mfc7\mfc7\mfc7\debug\mfc7.tlog\rc.command.1.tlog
e:\桌面\程序实习\mfc7\mfc7\mfc7\debug\mfc7.tlog\rc.read.1.tlog
e:\桌面\程序实习\mfc7\mfc7\mfc7\debug\mfc7.tlog\rc.write.1.tlog
